##==##==##&&##==##==##test_split.out
For [0;36mft_split[0m, in [1;37m/francinette/tests/libft/fsoares/test_split.c[0m:

[1;31mError[0m in test 1: [0;36mft_split("hello!", 32:' ')[0m: not enough memory allocated, needed: 16, reserved: 9
[1;31mError[0m in test 1: [0;36mft_split("hello!", 32:' ')[0m: 
Memory leak: 0x55cdc40c18f0 - 4096 bytes
You failed to free the memory allocated at:
[1;31mError[0m in test 2: [0;36mft_split("xxxxxxxxhello!", 120:'x')[0m: not enough memory allocated, needed: 16, reserved: 9
[1;31mError[0m in test 3: [0;36mft_split("hello!zzzzzzzz", 122:'z')[0m: not enough memory allocated, needed: 16, reserved: 9
[1;31mError[0m in test 4: [0;36mft_split("\t\t\t\thello!\t\t\t\t", 9:'\t')[0m: not enough memory allocated, needed: 16, reserved: 9
[1;31mError[0m in test 5: [0;36mft_split("", 97:'a')[0m: not enough memory allocated, needed: 8, reserved: 1
[1;31mError[0m in test 6: [0;36mft_split("ggggggggggg", 103:'g')[0m: not enough memory allocated, needed: 8, reserved: 1
[1;31mError[0m in test 7: [0;36mft_split("^^^1^^2a,^^^^3^^^^--h^^^^", 94:'^')[0m: not enough memory allocated, needed: 40, reserved: 33
[1;31mError[0m in test 8: [0;36mft_split("nonempty", 0:'\0')[0m: [1;31mSegmentation fault![0m
##==##==##&&##==##==##test_lstadd_back.out
For [0;36mft_lstadd_back[0m, in [1;37m/francinette/tests/libft/fsoares/test_lstadd_back.c[0m:

[1;31mError[0m in test 1: [0;36mft_lstadd_back(<list: (null)>, {node: "last"})[0m: [1;31mSegmentation fault![0m
##==##==##&&##==##==##test_lstclear.out
For [0;36mft_lstclear[0m, in [1;37m/francinette/tests/libft/fsoares/test_lstclear.c[0m:

[1;31mError[0m in test 1: [0;36mft_lstclear(<list: (null)>, [(x) => free([0;31m*[0;36mx)])[0m: [1;31mSegmentation fault![0m
##==##==##&&##==##==##test_lstmap.out
For [0;36mft_lstmap[0m, in [1;37m/francinette/tests/libft/fsoares/test_lstmap.c[0m:

[1;31mError[0m in test 1: [0;36mft_lstmap(<list: (null)>, [s => __strlen(s)], [x => free(x)])[0m: [1;31mSegmentation fault![0m
