[1m[34m--------------------------------------------------------------------------------
|[32GCOMPILING LIBFT[80G|
--------------------------------------------------------------------------------
[0mrules:
all[12G$(NAME)[26Gfclean[39Gre[52Gclean[64Gbonus[74Glibft.a
[32mok[0m[12G[32mok[0m[26G[32mok[0m[39G[32mok[0m[52G[32mok[0m[64G[32mok[0m[74G[32mfound
[0m
[1m[34mFUNCTION[18GTESTS[39GRESULT
[0m[36mft_isalpha[18G[32m✓[0m[32m✓[0m[32m✓[0m[32m✓[0m[32m✓[0m[32m✓[0m[32m✓[0m[39G[32mOK
[0m[36mft_isdigit[18G[32m✓[0m[32m✓[0m[32m✓[0m[32m✓[0m[32m✓[0m[32m✓[0m[32m✓[0m[39G[32mOK
[0m[36mft_isalnum[18G[32m✓[0m[32m✓[0m[32m✓[0m[32m✓[0m[32m✓[0m[32m✓[0m[32m✓[0m[39G[32mOK
[0m[36mft_isascii[18G[32m✓[0m[32m✓[0m[32m✓[0m[32m✓[0m[32m✓[0m[32m✓[0m[32m✓[0m[32m✓[0m[39G[32mOK
[0m[36mft_isprint[18G[32m✓[0m[32m✓[0m[32m✓[0m[32m✓[0m[32m✓[0m[32m✓[0m[32m✓[0m[39G[32mOK
[0m[36mft_strlen[18G[32m✓[0m[32m✓[0m[32m✓[0m[32m✓[0m[32m✓[0m[32m✓[0m[39G[32mOK
[0m[36mft_memset[18G[32m✓[0m[32m✓[0m[32m✓[0m[32m✓[0m[39G[32mOK
[0m[36mft_bzero[18G[32m✓[0m[32m✓[0m[39G[32mOK
[0m[36mft_memcpy[18G[32m✓[0m[32m✓[0m[32m✓[0m[39G[32mOK
[0m[36mft_memmove[18G[32m✓[0m[32m✓[0m[32m✓[0m[32m✓[0m[32m✓[0m[39G[32mOK
[0m[36mft_strlcpy[18G[32m✓[0m[32m✓[0m[32m✓[0m[32m✓[0m[32m✓[0m[39G[32mOK
[0m[36mft_strlcat[18G[32m✓[0m[32m✓[0m[32m✓[0m[32m✓[0m[32m✓[0m[32m✓[0m[32m✓[0m[32m✓[0m[32m✓[0m[39G[32mOK
[0m[36mft_toupper[18G[32m✓[0m[32m✓[0m[32m✓[0m[32m✓[0m[32m✓[0m[32m✓[0m[32m✓[0m[39G[32mOK
[0m[36mft_tolower[18G[32m✓[0m[32m✓[0m[32m✓[0m[32m✓[0m[32m✓[0m[32m✓[0m[32m✓[0m[39G[32mOK
[0m[36mft_strchr[18G[32m✓[0m[32m✓[0m[32m✓[0m[32m✓[0m[32m✓[0m[32m✓[0m[39G[32mOK
[0m[36mft_strrchr[18G[32m✓[0m[32m✓[0m[32m✓[0m[32m✓[0m[32m✓[0m[32m✓[0m[32m✓[0m[32m✓[0m[39G[32mOK
[0m[36mft_strncmp[18G[32m✓[0m[32m✓[0m[32m✓[0m[32m✓[0m[32m✓[0m[32m✓[0m[32m✓[0m[32m✓[0m[32m✓[0m[32m✓[0m[32m✓[0m[39G[32mOK
[0m[36mft_memchr[18G[32m✓[0m[32m✓[0m[32m✓[0m[32m✓[0m[32m✓[0m[32m✓[0m[39G[32mOK
[0m[36mft_memcmp[18G[32m✓[0m[32m✓[0m[32m✓[0m[32m✓[0m[32m✓[0m[32m✓[0m[32m✓[0m[32m✓[0m[32m✓[0m[39G[32mOK
[0m[36mft_strnstr[18G[32m✓[0m[32m✓[0m[32m✓[0m[32m✓[0m[32m✓[0m[32m✓[0m[32m✓[0m[32m✓[0m[32m✓[0m[32m✓[0m[39G[32mOK
[0m[36mft_atoi[18G[32m✓[0m[32m✓[0m[32m✓[0m[32m✓[0m[32m✓[0m[32m✓[0m[32m✓[0m[32m✓[0m[32m✓[0m[32m✓[0m[32m✓[0m[32m✓[0m[32m✓[0m[32m✓[0m[32m✓[0m[32m✓[0m[32m✓[0m[32m✓[0m[32m✓[0m[39G[32mOK
[0m[36mft_calloc[18G[32m✓[0m[39G[32mOK
[0m[36mft_strdup[18G[32m✓[0m[39G[32mOK
[0m[36mft_substr[18G[32m✓[0m[32m✓[0m[32m✓[0m[32m✓[0m[32m✓[0m[39G[32mOK
[0m[36mft_strjoin[18G[32m✓[0m[32m✓[0m[32m✓[0m[32m✓[0m[39G[32mOK
[0m[36mft_strtrim[18G[32m✓[0m[32m✓[0m[32m✓[0m[32m✓[0m[32m✓[0m[39G[32mOK
[0m[36mft_split[18G[32m✓[0m[32m✓[0m[32m✓[0m[32m✓[0m[32m✓[0m[31m✗[0m[39G[31mKO
[0m[36mft_itoa[18G[32m✓[0m[32m✓[0m[32m✓[0m[32m✓[0m[32m✓[0m[32m✓[0m[32m✓[0m[32m✓[0m[32m✓[0m[32m✓[0m[39G[32mOK
[0m[36mft_strmapi[18G[32m✓[0m[39G[32mOK
[0m[36mft_striteri[18G[32m✓[0m[39G[32mOK
[0m[36mft_putchar_fd[18G[32m✓[0m[32m✓[0m[32m✓[0m[32m✓[0m[32m✓[0m[32m✓[0m[32m✓[0m[39G[32mOK
[0m[36mft_putstr_fd[18G[32m✓[0m[32m✓[0m[32m✓[0m[32m✓[0m[39G[32mOK
[0m[36mft_putendl_fd[18G[32m✓[0m[32m✓[0m[32m✓[0m[32m✓[0m[39G[32mOK
[0m[36mft_putnbr_fd[18G[32m✓[0m[32m✓[0m[32m✓[0m[32m✓[0m[32m✓[0m[32m✓[0m[32m✓[0m[32m✓[0m[32m✓[0m[39G[32mOK
[0m[36mft_lstnew[18G[32m✓[0m[32m✓[0m[32m✓[0m[39G[32mOK
[0m[36mft_lstadd_front[18G[32m✓[0m[39G[32mOK
[0m[36mft_lstsize[18G[32m✓[0m[39G[32mOK
[0m[36mft_lstlast[18G[32m✓[0m[39G[32mOK
[0m[36mft_lstadd_back[18G[31m✗[0m[39G[31mKO
[0m[36mft_lstdelone[18G[32m✓[0m[39G[32mOK
[0m[36mft_lstclear[18G[31m✗[0m[39G[31mKO
[0m[36mft_lstiter[18G[32m✓[0m[39G[32mOK
[0m[36mft_lstmap[18G[32m✓[0m[39G[32mOK
[0m